


ARM Macro Assembler    Page 1 


    1 00000000                 AREA             |.text|, CODE, READONLY
    2 00000000                 ENTRY
    3 00000000         ; load computing value(s) into r0, r1
    4 00000000         ; go to the command
    5 00000000         ; write r0 into the corrisponding variable
    6 00000000 E3A00000        mov              r0, #0
    7 00000004 EB00002B        bl               fact
    8 00000008 E50F0008        str              r0, fact0
    9 0000000C         
   10 0000000C E3A00001        mov              r0, #1
   11 00000010 EB000028        bl               fact
   12 00000014 E50F0008        str              r0, fact1
   13 00000018         
   14 00000018 E3A00002        mov              r0, #2
   15 0000001C EB000025        bl               fact
   16 00000020 E50F0008        str              r0, fact2
   17 00000024         
   18 00000024 E3A00005        mov              r0, #5
   19 00000028 EB000022        bl               fact
   20 0000002C E50F0008        str              r0, fact5
   21 00000030         
   22 00000030 E3A0000C        mov              r0, #12
   23 00000034 EB00001F        bl               fact
   24 00000038 E50F0008        str              r0, fact12
   25 0000003C         
   26 0000003C         ; integer division
   27 0000003C E3A00009        mov              r0, #9
   28 00000040 E3A01002        mov              r1, #2
   29 00000044 EB000025        bl               idiv
   30 00000048 E50F0008        str              r0, div9
   31 0000004C         
   32 0000004C E3A0000A        mov              r0, #10
   33 00000050 E3A01002        mov              r1, #2
   34 00000054 EB000021        bl               idiv
   35 00000058 E50F0008        str              r0, div10
   36 0000005C         
   37 0000005C E3A0000B        mov              r0, #11
   38 00000060 E3A01002        mov              r1, #2
   39 00000064 EB00001D        bl               idiv
   40 00000068 E50F0008        str              r0, div11
   41 0000006C         
   42 0000006C         ; pow (x, n) x^n
   43 0000006C E3A00015        mov              r0, #21
   44 00000070 E3A01000        mov              r1, #0
   45 00000074 EB000022        bl               power
   46 00000078 E50F0008        str              r0, pow0
   47 0000007C         
   48 0000007C E3A00015        mov              r0, #21
   49 00000080 E3A01001        mov              r1, #1
   50 00000084 EB00001E        bl               power
   51 00000088 E50F0008        str              r0, pow1
   52 0000008C         
   53 0000008C E3A00015        mov              r0, #21
   54 00000090 E3A01002        mov              r1, #2
   55 00000094 EB00001A        bl               power
   56 00000098 E50F0008        str              r0, pow2
   57 0000009C         
   58 0000009C E3A00015        mov              r0, #21
   59 000000A0 E3A01007        mov              r1, #7



ARM Macro Assembler    Page 2 


   60 000000A4 EB000016        bl               power
   61 000000A8 E50F0008        str              r0, pow7
   62 000000AC         
   63 000000AC EA00001D        b                Loop        ; end in infinite l
                                                            oop
   64 000000B0         
   65 000000B0         one
   66 000000B0 E3A00001        mov              r0, #1      ; set r0 to 1
   67 000000B4 E12FFF1E        bx               LR          ; go back to "main"
                                                            
   68 000000B8         
   69 000000B8         fact                                 ; factorial functio
                                                            n
   70 000000B8 E3500000        cmp              r0, #0      ; for case 0, will 
                                                            equal 1
   71 000000BC 0AFFFFFB        beq              one
   72 000000C0         
   73 000000C0         
   74 000000C0         ; running (r1) = value (r0)
   75 000000C0 E1A01000        mov              r1, r0
   76 000000C4         ; for running > 1
   77 000000C4         ; running - 1
   78 000000C4         ; value = value * running
   79 000000C4         factloop                             ; loop for factoria
                                                            l multiplication
   80 000000C4 E2411001        sub              r1, #1
   81 000000C8 E3510001        cmp              r1, #1
   82 000000CC DA000002        ble              factexit    ; exit loop if valu
                                                            e is less than or e
                                                            qual to 1
   83 000000D0 E0020190        mul              r2, r0, r1
   84 000000D4 E1A00002        mov              r0, r2
   85 000000D8 EAFFFFF9        b                factloop
   86 000000DC         
   87 000000DC         factexit
   88 000000DC E12FFF1E        bx               LR          ; go back to "main"
                                                            
   89 000000E0         
   90 000000E0         idiv                                 ;  interger divisio
                                                            n function
   91 000000E0         ; division counter (r2)
   92 000000E0 E3A02000        mov              r2, #0
   93 000000E4         ; num (r0)
   94 000000E4         ; det (r1)
   95 000000E4         ; for num > det
   96 000000E4         ; increase division counter
   97 000000E4         ; num = num - det
   98 000000E4         idivloop
   99 000000E4 E1500001        cmp              r0, r1
  100 000000E8 DA000002        ble              idivexit
  101 000000EC E2822001        add              r2, #1
  102 000000F0 E0400001        sub              r0, r1
  103 000000F4 EAFFFFFA        b                idivloop
  104 000000F8         
  105 000000F8         idivexit
  106 000000F8 E12FFF1E        bx               LR          ; go back to "main"
                                                            
  107 000000FC         
  108 000000FC         zero



ARM Macro Assembler    Page 3 


  109 000000FC E3A00001        mov              r0, #1
  110 00000100 E12FFF1E        bx               LR
  111 00000104         
  112 00000104         power                                ; power function
  113 00000104 E3510000        cmp              r1, #0
  114 00000108 0AFFFFFB        beq              zero
  115 0000010C         
  116 0000010C         ; for counter > 0
  117 0000010C         ; r0 = r0 * r0
  118 0000010C         powerloop
  119 0000010C E3510001        cmp              r1, #1
  120 00000110 DA000003        ble              powerexit
  121 00000114 E2411001        sub              r1, #1
  122 00000118         ; temp value (r3)
  123 00000118 E0030090        mul              r3, r0, r0
  124 0000011C E1A00003        mov              r0, r3
  125 00000120 EAFFFFF9        b                powerloop
  126 00000124         
  127 00000124         powerexit
  128 00000124 E12FFF1E        bx               LR          ; go back to "main"
                                                            
  129 00000128         
  130 00000128         
  131 00000128 EAFFFFFE 
                       Loop    b                Loop        ; infinite loop
  132 0000012C                 AREA             UserData, DATA, READWRITE, ALIG
N=3
  133 00000000 FFFFFFFF 
                       fact0   DCD              -1
  134 00000004 FFFFFFFF 
                       fact1   DCD              -1
  135 00000008 FFFFFFFF 
                       fact2   DCD              -1
  136 0000000C FFFFFFFF 
                       fact5   DCD              -1
  137 00000010 FFFFFFFF 
                       fact12  DCD              -1
  138 00000014 FFFFFFFF 
                       div9    DCD              -1
  139 00000018 FFFFFFFF 
                       div10   DCD              -1
  140 0000001C FFFFFFFF 
                       div11   DCD              -1
  141 00000020 FFFFFFFF 
                       pow0    DCD              -1
  142 00000024 FFFFFFFF 
                       pow1    DCD              -1
  143 00000028 FFFFFFFF 
                       pow2    DCD              -1
  144 0000002C FFFFFFFF 
                       pow7    DCD              -1
  145 00000030                 END
Command Line: --debug --xref --diag_suppress=9931 --cpu=ARM9E --apcs=interwork 
--depend=.\objects\fact.d -o.\objects\fact.o -IC:\Keil_v5\ARM\RV31\INC -IC:\Kei
l_v5\ARM\CMSIS\Include --predefine="__EVAL SETA 1" --predefine="__UVISION_VERSI
ON SETA 521" --list=.\listings\fact.lst fact.s



ARM Macro Assembler    Page 1 Alphabetic symbol ordering
Relocatable symbols

.text 00000000

Symbol: .text
   Definitions
      At line 1 in file fact.s
   Uses
      None
Comment: .text unused
Loop 00000128

Symbol: Loop
   Definitions
      At line 131 in file fact.s
   Uses
      At line 63 in file fact.s
      At line 131 in file fact.s

fact 000000B8

Symbol: fact
   Definitions
      At line 69 in file fact.s
   Uses
      At line 7 in file fact.s
      At line 11 in file fact.s
      At line 15 in file fact.s
      At line 19 in file fact.s
      At line 23 in file fact.s

factexit 000000DC

Symbol: factexit
   Definitions
      At line 87 in file fact.s
   Uses
      At line 82 in file fact.s
Comment: factexit used once
factloop 000000C4

Symbol: factloop
   Definitions
      At line 79 in file fact.s
   Uses
      At line 85 in file fact.s
Comment: factloop used once
idiv 000000E0

Symbol: idiv
   Definitions
      At line 90 in file fact.s
   Uses
      At line 29 in file fact.s
      At line 34 in file fact.s
      At line 39 in file fact.s

idivexit 000000F8

Symbol: idivexit
   Definitions



ARM Macro Assembler    Page 2 Alphabetic symbol ordering
Relocatable symbols

      At line 105 in file fact.s
   Uses
      At line 100 in file fact.s
Comment: idivexit used once
idivloop 000000E4

Symbol: idivloop
   Definitions
      At line 98 in file fact.s
   Uses
      At line 103 in file fact.s
Comment: idivloop used once
one 000000B0

Symbol: one
   Definitions
      At line 65 in file fact.s
   Uses
      At line 71 in file fact.s
Comment: one used once
power 00000104

Symbol: power
   Definitions
      At line 112 in file fact.s
   Uses
      At line 45 in file fact.s
      At line 50 in file fact.s
      At line 55 in file fact.s
      At line 60 in file fact.s

powerexit 00000124

Symbol: powerexit
   Definitions
      At line 127 in file fact.s
   Uses
      At line 120 in file fact.s
Comment: powerexit used once
powerloop 0000010C

Symbol: powerloop
   Definitions
      At line 118 in file fact.s
   Uses
      At line 125 in file fact.s
Comment: powerloop used once
zero 000000FC

Symbol: zero
   Definitions
      At line 108 in file fact.s
   Uses
      At line 114 in file fact.s
Comment: zero used once
13 symbols



ARM Macro Assembler    Page 1 Alphabetic symbol ordering
Relocatable symbols

UserData 00000000

Symbol: UserData
   Definitions
      At line 132 in file fact.s
   Uses
      None
Comment: UserData unused
div10 00000018

Symbol: div10
   Definitions
      At line 139 in file fact.s
   Uses
      At line 35 in file fact.s
Comment: div10 used once
div11 0000001C

Symbol: div11
   Definitions
      At line 140 in file fact.s
   Uses
      At line 40 in file fact.s
Comment: div11 used once
div9 00000014

Symbol: div9
   Definitions
      At line 138 in file fact.s
   Uses
      At line 30 in file fact.s
Comment: div9 used once
fact0 00000000

Symbol: fact0
   Definitions
      At line 133 in file fact.s
   Uses
      At line 8 in file fact.s
Comment: fact0 used once
fact1 00000004

Symbol: fact1
   Definitions
      At line 134 in file fact.s
   Uses
      At line 12 in file fact.s
Comment: fact1 used once
fact12 00000010

Symbol: fact12
   Definitions
      At line 137 in file fact.s
   Uses
      At line 24 in file fact.s
Comment: fact12 used once
fact2 00000008

Symbol: fact2



ARM Macro Assembler    Page 2 Alphabetic symbol ordering
Relocatable symbols

   Definitions
      At line 135 in file fact.s
   Uses
      At line 16 in file fact.s
Comment: fact2 used once
fact5 0000000C

Symbol: fact5
   Definitions
      At line 136 in file fact.s
   Uses
      At line 20 in file fact.s
Comment: fact5 used once
pow0 00000020

Symbol: pow0
   Definitions
      At line 141 in file fact.s
   Uses
      At line 46 in file fact.s
Comment: pow0 used once
pow1 00000024

Symbol: pow1
   Definitions
      At line 142 in file fact.s
   Uses
      At line 51 in file fact.s
Comment: pow1 used once
pow2 00000028

Symbol: pow2
   Definitions
      At line 143 in file fact.s
   Uses
      At line 56 in file fact.s
Comment: pow2 used once
pow7 0000002C

Symbol: pow7
   Definitions
      At line 144 in file fact.s
   Uses
      At line 61 in file fact.s
Comment: pow7 used once
13 symbols
358 symbols in table
